<?xml version="1.0" encoding="UTF-8"?><testsuite errors="0" failures="0" name="org.example.features.search.SearchByKeywordStory" skipped="1" tests="5" time="17.31" timestamp="2024-05-09 04:06:48"><testcase classname="org.example.features.search.SearchByKeywordStory" name="Searching by keyword bmw should display the corresponding article"/><testcase classname="org.example.features.search.SearchByKeywordStory" name="Searching by keyword banana should display the corresponding article"/><testcase classname="org.example.features.search.SearchByKeywordStory" name="Searching by keyword hyundai should display the corresponding article"/><testcase classname="org.example.features.search.SearchByKeywordStory" name="Searching by ambiguious keyword should display the disambiguation page"><skipped/></testcase><testcase classname="org.example.features.search.SearchByKeywordStory" name="Searching by keyword apple should display the corresponding article"/></testsuite>